2025-12-18T03:52:28.850+0300 [INFO]  Terraform version: 1.14.0
2025-12-18T03:52:28.850+0300 [DEBUG] using github.com/hashicorp/go-tfe v1.94.0
2025-12-18T03:52:28.850+0300 [DEBUG] using github.com/hashicorp/hcl/v2 v2.24.0
2025-12-18T03:52:28.850+0300 [DEBUG] using github.com/hashicorp/terraform-svchost v0.1.1
2025-12-18T03:52:28.850+0300 [DEBUG] using github.com/zclconf/go-cty v1.16.3
2025-12-18T03:52:28.850+0300 [INFO]  Go runtime version: go1.25.4 X:nodwarf5
2025-12-18T03:52:28.850+0300 [INFO]  CLI args: []string{"terraform", "init"}
2025-12-18T03:52:28.850+0300 [DEBUG] Attempting to open CLI config file: /home/aleksey/.terraformrc
2025-12-18T03:52:28.850+0300 [DEBUG] File doesn't exist, but doesn't need to. Ignoring.
2025-12-18T03:52:28.850+0300 [DEBUG] ignoring non-existing provider search directory terraform.d/plugins
2025-12-18T03:52:28.851+0300 [DEBUG] ignoring non-existing provider search directory /home/aleksey/.terraform.d/plugins
2025-12-18T03:52:28.851+0300 [DEBUG] ignoring non-existing provider search directory /home/aleksey/.local/share/terraform/plugins
2025-12-18T03:52:28.851+0300 [DEBUG] ignoring non-existing provider search directory /home/aleksey/.local/share/flatpak/exports/share/terraform/plugins
2025-12-18T03:52:28.851+0300 [DEBUG] ignoring non-existing provider search directory /var/lib/flatpak/exports/share/terraform/plugins
2025-12-18T03:52:28.851+0300 [DEBUG] ignoring non-existing provider search directory /home/aleksey/.local/share/terraform/plugins
2025-12-18T03:52:28.851+0300 [DEBUG] ignoring non-existing provider search directory /usr/local/share/terraform/plugins
2025-12-18T03:52:28.851+0300 [DEBUG] ignoring non-existing provider search directory /usr/share/terraform/plugins
2025-12-18T03:52:28.851+0300 [INFO]  CLI command args: []string{"init"}
[0m[1mInitializing the backend...[0m
2025-12-18T03:52:28.853+0300 [DEBUG] checking for provisioner in "."
2025-12-18T03:52:28.862+0300 [DEBUG] checking for provisioner in "/usr/bin"
[0m[1mInitializing provider plugins...[0m
- Finding integrations/github versions matching "~> 6.0"...
2025-12-18T03:52:28.862+0300 [DEBUG] Service discovery for registry.terraform.io at https://registry.terraform.io/.well-known/terraform.json
2025-12-18T03:52:29.377+0300 [ERROR] Checkpoint error: Unknown status: 404
[31m╷[0m[0m
[31m│[0m [0m[1m[31mError: [0m[0m[1mInvalid provider registry host[0m
[31m│[0m [0m
[31m│[0m [0m[0mThe host "registry.terraform.io" given in provider source address
[31m│[0m [0m"registry.terraform.io/integrations/github" does not offer a Terraform
[31m│[0m [0mprovider registry.
[31m╵[0m[0m
